{"logTime": "1003/150754", "correlationVector":"NA2cUmvKUkfoD6k7xxxs/z.1","action":"SyncServerConnectionManagerRequest", "result":"SYNC_SERVER_OK", "context":{"environment":"Prod_WestEurope_x00e", "migrationStage":"NotStarted", "server":"GENERAL0100002P"}}
{"logTime": "1003/150755", "correlationVector":"iG4oiNmsUo283ga+B+lDrx","action":"SyncServerConnectionManagerRequest", "result":"SYNC_SERVER_OK", "context":{"environment":"", "migrationStage":"", "server":""}}
{"logTime": "1003/150755", "correlationVector":"NA2cUmvKUkfoD6k7xxxs/z","action":"Initial GetUpdates", "result":"", "context":Reason: NEW_CLIENT. cV=NA2cUmvKUkfoD6k7xxxs/z}
{"logTime": "1003/150755", "correlationVector":"NA2cUmvKUkfoD6k7xxxs/z.2","action":"GetUpdates Response", "result":"Success", "context":Received 1 update(s). cV=NA2cUmvKUkfoD6k7xxxs/z.0;server=GENERAL0100002P;cloudType=Consumer;environment=Prod_WestEurope_x00e;migrationStage=NotStarted}
{"logTime": "1003/150755", "correlationVector":"gVO/Ak7DJ9ImVjDmdr8nlc","action":"Initial GetUpdates", "result":"", "context":Reason: NEWLY_SUPPORTED_DATATYPE. cV=gVO/Ak7DJ9ImVjDmdr8nlc}
{"logTime": "1003/150756", "correlationVector":"gVO/Ak7DJ9ImVjDmdr8nlc.1","action":"SyncServerConnectionManagerRequest", "result":"SYNC_SERVER_OK", "context":{"environment":"Prod_WestEurope_x00e", "migrationStage":"NotStarted", "server":"GENERAL0100000C"}}
{"logTime": "1003/150756", "correlationVector":"gVO/Ak7DJ9ImVjDmdr8nlc.2","action":"GetUpdates", "result":"DeleteReceived", "context":{"id":"6d3e1f7f-3d6e-47b8-bbf7-73b4e6d11dbc", "isDeleted:":"true", "version":"1718469255976"}}
{"logTime": "1003/150756", "correlationVector":"gVO/Ak7DJ9ImVjDmdr8nlc.3","action":"GetUpdates", "result":"DeleteReceived", "context":{"id":"6cf72506-abd7-4b0d-a216-6edd1a51ec50", "isDeleted:":"true", "version":"1724327814883"}}
{"logTime": "1003/150756", "correlationVector":"gVO/Ak7DJ9ImVjDmdr8nlc.4","action":"GetUpdates", "result":"DeleteReceived", "context":{"id":"fa625ee1-cab3-492f-aa90-5b2dc20b2caf", "isDeleted:":"true", "version":"1724327814919"}}
{"logTime": "1003/150756", "correlationVector":"gVO/Ak7DJ9ImVjDmdr8nlc.5","action":"GetUpdates", "result":"DeleteReceived", "context":{"id":"1a65cd03-b5e1-433a-943e-9004b5cb6c7d", "isDeleted:":"true", "version":"1724327816777"}}
{"logTime": "1003/150756", "correlationVector":"gVO/Ak7DJ9ImVjDmdr8nlc.6","action":"GetUpdates Response", "result":"Success", "context":Received 250 update(s). cV=gVO/Ak7DJ9ImVjDmdr8nlc.0;server=GENERAL0100000C;cloudType=Consumer;environment=Prod_WestEurope_x00e;migrationStage=NotStarted Some updates remain.}
{"logTime": "1003/150756", "correlationVector":"I03ByqnOEUXUb4lOTTmqaE","action":"Initial GetUpdates", "result":"", "context":Reason: NEWLY_SUPPORTED_DATATYPE. cV=I03ByqnOEUXUb4lOTTmqaE}
{"logTime": "1003/150757", "correlationVector":"I03ByqnOEUXUb4lOTTmqaE.1","action":"SyncServerConnectionManagerRequest", "result":"SYNC_SERVER_OK", "context":{"environment":"Prod_WestEurope_000l", "migrationStage":"NotStarted", "server":"GENERAL0100000D"}}
{"logTime": "1003/150757", "correlationVector":"I03ByqnOEUXUb4lOTTmqaE.2","action":"GetUpdates", "result":"DeleteReceived", "context":{"id":"7530ef4e-90ff-4d7d-931e-d52bb427bfa5", "isDeleted:":"true", "version":"1724328868932"}}
{"logTime": "1003/150757", "correlationVector":"I03ByqnOEUXUb4lOTTmqaE.3","action":"GetUpdates", "result":"DeleteReceived", "context":{"id":"63dbfe27-88dd-423d-a2cd-ab0ffab5ab18", "isDeleted:":"true", "version":"1724327818821"}}
{"logTime": "1003/150757", "correlationVector":"I03ByqnOEUXUb4lOTTmqaE.4","action":"GetUpdates", "result":"DeleteReceived", "context":{"id":"9b12ad49-f7c5-4a33-a3dd-f0316722559b", "isDeleted:":"true", "version":"1724327818834"}}
{"logTime": "1003/150757", "correlationVector":"I03ByqnOEUXUb4lOTTmqaE.5","action":"GetUpdates", "result":"DeleteReceived", "context":{"id":"6bb759d2-5462-4b52-93f7-b9b406ffc65b", "isDeleted:":"true", "version":"1724327818849"}}
{"logTime": "1003/150757", "correlationVector":"I03ByqnOEUXUb4lOTTmqaE.6","action":"GetUpdates", "result":"DeleteReceived", "context":{"id":"625d68c0-3190-4d27-98b1-b47ebbbf2798", "isDeleted:":"true", "version":"1724327820870"}}
{"logTime": "1003/150757", "correlationVector":"I03ByqnOEUXUb4lOTTmqaE.7","action":"GetUpdates", "result":"DeleteReceived", "context":{"id":"e8767d76-82b7-4bb9-b513-aed757cf5678", "isDeleted:":"true", "version":"1724509632632"}}
{"logTime": "1003/150757", "correlationVector":"I03ByqnOEUXUb4lOTTmqaE.8","action":"GetUpdates Response", "result":"Success", "context":Received 121 update(s). cV=I03ByqnOEUXUb4lOTTmqaE.0;server=GENERAL0100000D;cloudType=Consumer;environment=Prod_WestEurope_000l;migrationStage=NotStarted}
{"logTime": "1003/150757", "correlationVector":"9SvwV3Je4S3uIHgllkAS13","action":"Initial GetUpdates", "result":"", "context":Reason: NEWLY_SUPPORTED_DATATYPE. cV=9SvwV3Je4S3uIHgllkAS13}
{"logTime": "1003/150758", "correlationVector":"9SvwV3Je4S3uIHgllkAS13.1","action":"SyncServerConnectionManagerRequest", "result":"SYNC_SERVER_OK", "context":{"environment":"Prod_WestEurope_000l", "migrationStage":"NotStarted", "server":"GENERAL0100000A"}}
{"logTime": "1003/150758", "correlationVector":"9SvwV3Je4S3uIHgllkAS13.2","action":"GetUpdates Response", "result":"Success", "context":Received 114 update(s). cV=9SvwV3Je4S3uIHgllkAS13.0;server=GENERAL0100000A;cloudType=Consumer;environment=Prod_WestEurope_000l;migrationStage=NotStarted}
{"logTime": "1003/150758", "correlationVector":"Kfdw0yFpzWd3fFljGtgi56","action":"Initial GetUpdates", "result":"", "context":Reason: NEWLY_SUPPORTED_DATATYPE. cV=Kfdw0yFpzWd3fFljGtgi56}
{"logTime": "1003/150759", "correlationVector":"Kfdw0yFpzWd3fFljGtgi56.1","action":"SyncServerConnectionManagerRequest", "result":"SYNC_SERVER_OK", "context":{"environment":"Prod_WestEurope_x00e", "migrationStage":"NotStarted", "server":"GENERAL02000025"}}
{"logTime": "1003/150759", "correlationVector":"Kfdw0yFpzWd3fFljGtgi56.2","action":"GetUpdates Response", "result":"Success", "context":Received 250 update(s). cV=Kfdw0yFpzWd3fFljGtgi56.0;server=GENERAL02000025;cloudType=Consumer;environment=Prod_WestEurope_x00e;migrationStage=NotStarted Some updates remain.}
{"logTime": "1003/150759", "correlationVector":"bDt+15kXzTBK5DE1tf7rCZ","action":"Initial GetUpdates", "result":"", "context":Reason: NEWLY_SUPPORTED_DATATYPE. cV=bDt+15kXzTBK5DE1tf7rCZ}
{"logTime": "1003/150800", "correlationVector":"bDt+15kXzTBK5DE1tf7rCZ.1","action":"SyncServerConnectionManagerRequest", "result":"SYNC_SERVER_OK", "context":{"environment":"Prod_WestEurope_x00e", "migrationStage":"NotStarted", "server":"GENERAL0200001L"}}
{"logTime": "1003/150800", "correlationVector":"bDt+15kXzTBK5DE1tf7rCZ.2","action":"GetUpdates", "result":"DeleteReceived", "context":{"id":"11e76d90-cbfd-4071-9737-c149e6349501", "isDeleted:":"true", "version":"1720266674056"}}
{"logTime": "1003/150800", "correlationVector":"bDt+15kXzTBK5DE1tf7rCZ.3","action":"GetUpdates", "result":"DeleteReceived", "context":{"id":"a14b7864-c823-4a57-828b-7caac64f8144", "isDeleted:":"true", "version":"1720266674057"}}
{"logTime": "1003/150800", "correlationVector":"bDt+15kXzTBK5DE1tf7rCZ.4","action":"GetUpdates", "result":"DeleteReceived", "context":{"id":"c0a906fe-9b74-467d-ac5e-b5458349e72b", "isDeleted:":"true", "version":"1720266674059"}}
{"logTime": "1003/150800", "correlationVector":"bDt+15kXzTBK5DE1tf7rCZ.5","action":"GetUpdates", "result":"DeleteReceived", "context":{"id":"15b82fca-d5cd-4b22-9947-ec6337331bd8", "isDeleted:":"true", "version":"1720341096223"}}
{"logTime": "1003/150800", "correlationVector":"bDt+15kXzTBK5DE1tf7rCZ.6","action":"GetUpdates", "result":"DeleteReceived", "context":{"id":"07dfebd5-4ef2-4b8d-8085-20ed008a8e6b", "isDeleted:":"true", "version":"1720546635570"}}
{"logTime": "1003/150800", "correlationVector":"bDt+15kXzTBK5DE1tf7rCZ.7","action":"GetUpdates", "result":"DeleteReceived", "context":{"id":"46568b9a-6fd1-47dc-8cca-aa509e30d65b", "isDeleted:":"true", "version":"1720605929227"}}
{"logTime": "1003/150800", "correlationVector":"bDt+15kXzTBK5DE1tf7rCZ.8","action":"GetUpdates", "result":"DeleteReceived", "context":{"id":"1e37ee16-afc5-4ca8-8234-b908711a7209", "isDeleted:":"true", "version":"1720605929229"}}
{"logTime": "1003/150800", "correlationVector":"bDt+15kXzTBK5DE1tf7rCZ.9","action":"GetUpdates", "result":"DeleteReceived", "context":{"id":"453e6e6b-66bb-41da-a1e8-9ed78bd3df45", "isDeleted:":"true", "version":"1721010030881"}}
{"logTime": "1003/150800", "correlationVector":"bDt+15kXzTBK5DE1tf7rCZ.10","action":"GetUpdates", "result":"DeleteReceived", "context":{"id":"6a64ad8f-fe83-4f83-9d7f-e3d7a5043848", "isDeleted:":"true", "version":"1721028658671"}}
{"logTime": "1003/150800", "correlationVector":"bDt+15kXzTBK5DE1tf7rCZ.11","action":"GetUpdates", "result":"DeleteReceived", "context":{"id":"ba723c95-4551-425f-be05-5754b3541dc0", "isDeleted:":"true", "version":"1721051818062"}}
{"logTime": "1003/150800", "correlationVector":"bDt+15kXzTBK5DE1tf7rCZ.12","action":"GetUpdates", "result":"DeleteReceived", "context":{"id":"5f946725-e3ca-4176-b0a7-0ab5a224c8a6", "isDeleted:":"true", "version":"1721051818065"}}
{"logTime": "1003/150800", "correlationVector":"bDt+15kXzTBK5DE1tf7rCZ.13","action":"GetUpdates", "result":"DeleteReceived", "context":{"id":"ac0d2295-761c-4df9-a818-2c0436c70176", "isDeleted:":"true", "version":"1721077960370"}}
{"logTime": "1003/150800", "correlationVector":"bDt+15kXzTBK5DE1tf7rCZ.14","action":"GetUpdates", "result":"DeleteReceived", "context":{"id":"fe172a52-d043-441c-ae70-dd842018b73d", "isDeleted:":"true", "version":"1721114821660"}}
{"logTime": "1003/150800", "correlationVector":"bDt+15kXzTBK5DE1tf7rCZ.15","action":"GetUpdates", "result":"DeleteReceived", "context":{"id":"1cbec4e4-23cd-4ec9-b0c5-91e676190d2e", "isDeleted:":"true", "version":"1721125922040"}}
{"logTime": "1003/150800", "correlationVector":"bDt+15kXzTBK5DE1tf7rCZ.16","action":"GetUpdates", "result":"DeleteReceived", "context":{"id":"508f3cd9-9f36-4725-a783-cad3d9439993", "isDeleted:":"true", "version":"1721291028107"}}
{"logTime": "1003/150800", "correlationVector":"bDt+15kXzTBK5DE1tf7rCZ.17","action":"GetUpdates", "result":"DeleteReceived", "context":{"id":"32b2c026-5efa-4ffb-a249-940ecef61cf8", "isDeleted:":"true", "version":"1721292712994"}}
{"logTime": "1003/150800", "correlationVector":"bDt+15kXzTBK5DE1tf7rCZ.18","action":"GetUpdates", "result":"DeleteReceived", "context":{"id":"c901ff32-5c1c-4650-b467-ef3e49d24897", "isDeleted:":"true", "version":"1721292712995"}}
{"logTime": "1003/150800", "correlationVector":"bDt+15kXzTBK5DE1tf7rCZ.19","action":"GetUpdates", "result":"DeleteReceived", "context":{"id":"d52e46ab-e36c-43c9-a74c-be87451da05c", "isDeleted:":"true", "version":"1721299594487"}}
{"logTime": "1003/150800", "correlationVector":"bDt+15kXzTBK5DE1tf7rCZ.20","action":"GetUpdates", "result":"DeleteReceived", "context":{"id":"d85d04ba-5a54-4b13-ab85-a1e3f583ea42", "isDeleted:":"true", "version":"1721495741948"}}
{"logTime": "1003/150800", "correlationVector":"bDt+15kXzTBK5DE1tf7rCZ.21","action":"GetUpdates", "result":"DeleteReceived", "context":{"id":"114f3d62-8d90-413f-a79d-0f619dc1b0d5", "isDeleted:":"true", "version":"1721497137780"}}
{"logTime": "1003/150800", "correlationVector":"bDt+15kXzTBK5DE1tf7rCZ.22","action":"GetUpdates", "result":"DeleteReceived", "context":{"id":"18257d4e-1ff5-40f4-86c4-b555e75dc0d5", "isDeleted:":"true", "version":"1721498273345"}}
{"logTime": "1003/150800", "correlationVector":"bDt+15kXzTBK5DE1tf7rCZ.23","action":"GetUpdates", "result":"DeleteReceived", "context":{"id":"75168529-ebc1-493c-a0c4-de419e3d23dd", "isDeleted:":"true", "version":"1721498984459"}}
{"logTime": "1003/150800", "correlationVector":"bDt+15kXzTBK5DE1tf7rCZ.24","action":"GetUpdates", "result":"DeleteReceived", "context":{"id":"1f3cb388-c6e2-4aca-a349-d4d629b53d1c", "isDeleted:":"true", "version":"1721510627866"}}
{"logTime": "1003/150800", "correlationVector":"bDt+15kXzTBK5DE1tf7rCZ.25","action":"GetUpdates", "result":"DeleteReceived", "context":{"id":"72a4a3c7-adcc-4602-873f-a2619f871b8f", "isDeleted:":"true", "version":"1721555919413"}}
{"logTime": "1003/150800", "correlationVector":"bDt+15kXzTBK5DE1tf7rCZ.26","action":"GetUpdates", "result":"DeleteReceived", "context":{"id":"d2e8ec35-956e-4816-b566-5c52d74c611f", "isDeleted:":"true", "version":"1721736045419"}}
{"logTime": "1003/150800", "correlationVector":"bDt+15kXzTBK5DE1tf7rCZ.27","action":"GetUpdates", "result":"DeleteReceived", "context":{"id":"aebdf5f1-3271-4b96-8c4b-ac1ea3207720", "isDeleted:":"true", "version":"1721736045420"}}
{"logTime": "1003/150800", "correlationVector":"bDt+15kXzTBK5DE1tf7rCZ.28","action":"GetUpdates", "result":"DeleteReceived", "context":{"id":"749f81cf-b583-4688-aeac-f1a1c4b1ab6c", "isDeleted:":"true", "version":"1721736045423"}}
{"logTime": "1003/150800", "correlationVector":"bDt+15kXzTBK5DE1tf7rCZ.29","action":"GetUpdates", "result":"DeleteReceived", "context":{"id":"550183a2-1805-4eaa-9db0-ef99236feb41", "isDeleted:":"true", "version":"1721748194942"}}
{"logTime": "1003/150800", "correlationVector":"bDt+15kXzTBK5DE1tf7rCZ.30","action":"GetUpdates", "result":"DeleteReceived", "context":{"id":"8da0e8ae-21fa-41d4-ae5d-54a6d9345e32", "isDeleted:":"true", "version":"1721749311656"}}
{"logTime": "1003/150800", "correlationVector":"bDt+15kXzTBK5DE1tf7rCZ.31","action":"GetUpdates", "result":"DeleteReceived", "context":{"id":"079927b6-2ffc-44b0-8aca-ac160382c067", "isDeleted:":"true", "version":"1721872462409"}}
{"logTime": "1003/150800", "correlationVector":"bDt+15kXzTBK5DE1tf7rCZ.32","action":"GetUpdates", "result":"DeleteReceived", "context":{"id":"c03a2796-3f9d-4024-af5c-95a68583d0f9", "isDeleted:":"true", "version":"1721896108331"}}
{"logTime": "1003/150800", "correlationVector":"bDt+15kXzTBK5DE1tf7rCZ.33","action":"GetUpdates", "result":"DeleteReceived", "context":{"id":"3409f535-f41d-4f1e-892e-f43a9dca3afa", "isDeleted:":"true", "version":"1721896108332"}}
{"logTime": "1003/150800", "correlationVector":"bDt+15kXzTBK5DE1tf7rCZ.34","action":"GetUpdates", "result":"DeleteReceived", "context":{"id":"5be7b55a-750c-47c8-8192-9263a4077e06", "isDeleted:":"true", "version":"1721896108334"}}
{"logTime": "1003/150800", "correlationVector":"bDt+15kXzTBK5DE1tf7rCZ.35","action":"GetUpdates", "result":"DeleteReceived", "context":{"id":"6bca4331-7a2b-47ea-8a24-cf799bc6aaff", "isDeleted:":"true", "version":"1721896108335"}}
{"logTime": "1003/150800", "correlationVector":"bDt+15kXzTBK5DE1tf7rCZ.36","action":"GetUpdates", "result":"DeleteReceived", "context":{"id":"d4de83b7-8154-4005-b9c2-efbb8fe44064", "isDeleted:":"true", "version":"1721896108336"}}
{"logTime": "1003/150800", "correlationVector":"bDt+15kXzTBK5DE1tf7rCZ.37","action":"GetUpdates", "result":"DeleteReceived", "context":{"id":"d4370e91-e9c9-46cb-80bf-16b30de4b49a", "isDeleted:":"true", "version":"1721896108337"}}
{"logTime": "1003/150800", "correlationVector":"bDt+15kXzTBK5DE1tf7rCZ.38","action":"GetUpdates", "result":"DeleteReceived", "context":{"id":"044fe497-d210-4988-8ffd-f8d02812ecb0", "isDeleted:":"true", "version":"1721896108338"}}
{"logTime": "1003/150800", "correlationVector":"bDt+15kXzTBK5DE1tf7rCZ.39","action":"GetUpdates", "result":"DeleteReceived", "context":{"id":"06818435-2bed-4335-aaeb-4c05e463e0ae", "isDeleted:":"true", "version":"1721896108339"}}
{"logTime": "1003/150800", "correlationVector":"bDt+15kXzTBK5DE1tf7rCZ.40","action":"GetUpdates", "result":"DeleteReceived", "context":{"id":"99461b76-e299-41b4-949b-68d631f291dc", "isDeleted:":"true", "version":"1721896108340"}}
{"logTime": "1003/150800", "correlationVector":"bDt+15kXzTBK5DE1tf7rCZ.41","action":"GetUpdates", "result":"DeleteReceived", "context":{"id":"eec27e5e-2bd6-4181-bb76-7484eab4868d", "isDeleted:":"true", "version":"1721896108341"}}
{"logTime": "1003/150800", "correlationVector":"bDt+15kXzTBK5DE1tf7rCZ.42","action":"GetUpdates", "result":"DeleteReceived", "context":{"id":"feeb58eb-488f-47fb-8399-b005470a90dd", "isDeleted:":"true", "version":"1721896108342"}}
{"logTime": "1003/150800", "correlationVector":"bDt+15kXzTBK5DE1tf7rCZ.43","action":"GetUpdates", "result":"DeleteReceived", "context":{"id":"cb42a903-8303-42ed-b358-df359692ceca", "isDeleted:":"true", "version":"1721896108343"}}
{"logTime": "1003/150800", "correlationVector":"bDt+15kXzTBK5DE1tf7rCZ.44","action":"GetUpdates", "result":"DeleteReceived", "context":{"id":"f16f109f-f7d9-42a1-86dc-e74881afe7de", "isDeleted:":"true", "version":"1721896108344"}}
{"logTime": "1003/150800", "correlationVector":"bDt+15kXzTBK5DE1tf7rCZ.45","action":"GetUpdates", "result":"DeleteReceived", "context":{"id":"2b9c9187-1c4c-418e-9432-2ef7dd2dc786", "isDeleted:":"true", "version":"1721896108346"}}
{"logTime": "1003/150800", "correlationVector":"bDt+15kXzTBK5DE1tf7rCZ.46","action":"GetUpdates", "result":"DeleteReceived", "context":{"id":"1ae63167-be04-4174-856b-34dc19de83ca", "isDeleted:":"true", "version":"1721896108347"}}
{"logTime": "1003/150800", "correlationVector":"bDt+15kXzTBK5DE1tf7rCZ.47","action":"GetUpdates", "result":"DeleteReceived", "context":{"id":"e72cedd0-23ca-4911-946d-da6793bb9035", "isDeleted:":"true", "version":"1721896108348"}}
{"logTime": "1003/150800", "correlationVector":"bDt+15kXzTBK5DE1tf7rCZ.48","action":"GetUpdates", "result":"DeleteReceived", "context":{"id":"db6d55cb-4ae5-41f7-a4e5-90a702d9471b", "isDeleted:":"true", "version":"1721896108349"}}
{"logTime": "1003/150800", "correlationVector":"bDt+15kXzTBK5DE1tf7rCZ.49","action":"GetUpdates", "result":"DeleteReceived", "context":{"id":"6d7e5c66-f43b-48c8-8475-6fad945db595", "isDeleted:":"true", "version":"1721896108350"}}
{"logTime": "1003/150800", "correlationVector":"bDt+15kXzTBK5DE1tf7rCZ.50","action":"GetUpdates", "result":"DeleteReceived", "context":{"id":"dc9b0fdb-2eaf-47b0-90bd-b06995de7444", "isDeleted:":"true", "version":"1721896108351"}}
{"logTime": "1003/150800", "correlationVector":"bDt+15kXzTBK5DE1tf7rCZ.51","action":"GetUpdates", "result":"DeleteReceived", "context":{"id":"da7faa13-1543-4aac-b41c-32dc62490f4d", "isDeleted:":"true", "version":"1721896108352"}}
{"logTime": "1003/150800", "correlationVector":"bDt+15kXzTBK5DE1tf7rCZ.52","action":"GetUpdates", "result":"DeleteReceived", "context":{"id":"67b4bfd3-9680-4435-9da9-8d77c67edfce", "isDeleted:":"true", "version":"1721896108353"}}
{"logTime": "1003/150800", "correlationVector":"bDt+15kXzTBK5DE1tf7rCZ.53","action":"GetUpdates", "result":"DeleteReceived", "context":{"id":"3a8ae757-d429-4d21-a586-301c4bc8f30f", "isDeleted:":"true", "version":"1721896671960"}}
{"logTime": "1003/150800", "correlationVector":"bDt+15kXzTBK5DE1tf7rCZ.54","action":"GetUpdates", "result":"DeleteReceived", "context":{"id":"aebfdd27-f0bd-40c7-af2c-c20178555652", "isDeleted:":"true", "version":"1721897219561"}}
{"logTime": "1003/150800", "correlationVector":"bDt+15kXzTBK5DE1tf7rCZ.55","action":"GetUpdates", "result":"DeleteReceived", "context":{"id":"1e3b1ee0-7cb5-4fb6-8255-4347635f505c", "isDeleted:":"true", "version":"1721905531615"}}
{"logTime": "1003/150800", "correlationVector":"bDt+15kXzTBK5DE1tf7rCZ.56","action":"GetUpdates", "result":"DeleteReceived", "context":{"id":"f56de4a9-18b9-4a9d-bf16-bc4f0160a3cd", "isDeleted:":"true", "version":"1721974515790"}}
{"logTime": "1003/150800", "correlationVector":"bDt+15kXzTBK5DE1tf7rCZ.57","action":"GetUpdates", "result":"DeleteReceived", "context":{"id":"786ce6a9-81ad-4600-b0de-728c450298e3", "isDeleted:":"true", "version":"1722019402247"}}
{"logTime": "1003/150800", "correlationVector":"bDt+15kXzTBK5DE1tf7rCZ.58","action":"GetUpdates", "result":"DeleteReceived", "context":{"id":"f5bdff7f-928b-41d0-9cb1-93cee85ef3db", "isDeleted:":"true", "version":"1722079730906"}}
{"logTime": "1003/150800", "correlationVector":"bDt+15kXzTBK5DE1tf7rCZ.59","action":"GetUpdates", "result":"DeleteReceived", "context":{"id":"9d9ad4d5-5f21-4f88-b357-88e151c53837", "isDeleted:":"true", "version":"1722200559126"}}
{"logTime": "1003/150800", "correlationVector":"bDt+15kXzTBK5DE1tf7rCZ.60","action":"GetUpdates", "result":"DeleteReceived", "context":{"id":"9a4020be-82fc-467b-820a-c10ea6ca0fa1", "isDeleted:":"true", "version":"1722774938938"}}
{"logTime": "1003/150800", "correlationVector":"bDt+15kXzTBK5DE1tf7rCZ.61","action":"GetUpdates", "result":"DeleteReceived", "context":{"id":"5c056ca7-fa45-4e0a-b593-6fe6a817a895", "isDeleted:":"true", "version":"1722781676707"}}
{"logTime": "1003/150800", "correlationVector":"bDt+15kXzTBK5DE1tf7rCZ.62","action":"GetUpdates", "result":"DeleteReceived", "context":{"id":"47fdaf86-c040-4389-b57e-9ca4729b6d46", "isDeleted:":"true", "version":"1722781676711"}}
{"logTime": "1003/150800", "correlationVector":"bDt+15kXzTBK5DE1tf7rCZ.63","action":"GetUpdates", "result":"DeleteReceived", "context":{"id":"69ca9133-adf4-453b-8248-ca994d321de2", "isDeleted:":"true", "version":"1722781715155"}}
{"logTime": "1003/150800", "correlationVector":"bDt+15kXzTBK5DE1tf7rCZ.64","action":"GetUpdates", "result":"DeleteReceived", "context":{"id":"1cdeaa42-9061-46cd-97af-37810d96fb9d", "isDeleted:":"true", "version":"1722792144206"}}
{"logTime": "1003/150800", "correlationVector":"bDt+15kXzTBK5DE1tf7rCZ.65","action":"GetUpdates", "result":"DeleteReceived", "context":{"id":"835a910f-fbc3-4743-86c8-6516af726b4f", "isDeleted:":"true", "version":"1722792183846"}}
{"logTime": "1003/150800", "correlationVector":"bDt+15kXzTBK5DE1tf7rCZ.66","action":"GetUpdates", "result":"DeleteReceived", "context":{"id":"4549f775-736a-49d6-a2f0-da3cb3cd231a", "isDeleted:":"true", "version":"1722796127043"}}
{"logTime": "1003/150800", "correlationVector":"bDt+15kXzTBK5DE1tf7rCZ.67","action":"GetUpdates", "result":"DeleteReceived", "context":{"id":"39a65e2a-494b-4533-b6eb-98428e295aff", "isDeleted:":"true", "version":"1722796547932"}}
{"logTime": "1003/150800", "correlationVector":"bDt+15kXzTBK5DE1tf7rCZ.68","action":"GetUpdates", "result":"DeleteReceived", "context":{"id":"66f5a13e-e550-4d56-bb46-7fed129c2cfd", "isDeleted:":"true", "version":"1722798383762"}}
{"logTime": "1003/150800", "correlationVector":"bDt+15kXzTBK5DE1tf7rCZ.69","action":"GetUpdates", "result":"DeleteReceived", "context":{"id":"ff34e8f0-2172-4f3d-9eb2-f32037490fbd", "isDeleted:":"true", "version":"1722798549726"}}
{"logTime": "1003/150800", "correlationVector":"bDt+15kXzTBK5DE1tf7rCZ.70","action":"GetUpdates", "result":"DeleteReceived", "context":{"id":"b6811f07-f5f8-47e7-9bcd-392acad3035f", "isDeleted:":"true", "version":"1722799154771"}}
{"logTime": "1003/150800", "correlationVector":"bDt+15kXzTBK5DE1tf7rCZ.71","action":"GetUpdates", "result":"DeleteReceived", "context":{"id":"4a72a3ad-65f7-4dbf-9a14-0fc355c77f14", "isDeleted:":"true", "version":"1722801825937"}}
{"logTime": "1003/150800", "correlationVector":"bDt+15kXzTBK5DE1tf7rCZ.72","action":"GetUpdates", "result":"DeleteReceived", "context":{"id":"12bd5f02-e57b-4789-ad15-ffa7be736910", "isDeleted:":"true", "version":"1722809132768"}}
{"logTime": "1003/150800", "correlationVector":"bDt+15kXzTBK5DE1tf7rCZ.73","action":"GetUpdates", "result":"DeleteReceived", "context":{"id":"0d9dc854-9552-4aa7-8a5f-00fe04a3759d", "isDeleted:":"true", "version":"1722823995894"}}
{"logTime": "1003/150800", "correlationVector":"bDt+15kXzTBK5DE1tf7rCZ.74","action":"GetUpdates", "result":"DeleteReceived", "context":{"id":"7b975d00-b23f-4611-af0d-086057352dab", "isDeleted:":"true", "version":"1722824520712"}}
{"logTime": "1003/150800", "correlationVector":"bDt+15kXzTBK5DE1tf7rCZ.75","action":"GetUpdates", "result":"DeleteReceived", "context":{"id":"375800e2-e9eb-4ea9-aa03-71a20750ac87", "isDeleted:":"true", "version":"1722825249237"}}
{"logTime": "1003/150800", "correlationVector":"bDt+15kXzTBK5DE1tf7rCZ.76","action":"GetUpdates", "result":"DeleteReceived", "context":{"id":"319e2847-55a0-4c32-8f69-d45848936eb7", "isDeleted:":"true", "version":"1722825725930"}}
{"logTime": "1003/150800", "correlationVector":"bDt+15kXzTBK5DE1tf7rCZ.77","action":"GetUpdates", "result":"DeleteReceived", "context":{"id":"162ba108-3c75-4f2e-84b0-36657cdd0b69", "isDeleted:":"true", "version":"1722826050122"}}
{"logTime": "1003/150800", "correlationVector":"bDt+15kXzTBK5DE1tf7rCZ.78","action":"GetUpdates", "result":"DeleteReceived", "context":{"id":"2f4ae36b-7990-4bd2-a8cb-498afc2cb83f", "isDeleted:":"true", "version":"1722827218224"}}
{"logTime": "1003/150800", "correlationVector":"bDt+15kXzTBK5DE1tf7rCZ.79","action":"GetUpdates", "result":"DeleteReceived", "context":{"id":"5bf15a9c-0394-459b-9cfb-0f38810a7b46", "isDeleted:":"true", "version":"1722827689216"}}
{"logTime": "1003/150800", "correlationVector":"bDt+15kXzTBK5DE1tf7rCZ.80","action":"GetUpdates", "result":"DeleteReceived", "context":{"id":"86ef82de-ae39-4c44-8a10-1cc8c6a66f4a", "isDeleted:":"true", "version":"1722828567520"}}
{"logTime": "1003/150800", "correlationVector":"bDt+15kXzTBK5DE1tf7rCZ.81","action":"GetUpdates", "result":"DeleteReceived", "context":{"id":"cd0edadd-b0a6-4fdb-9299-d3a8133ec923", "isDeleted:":"true", "version":"1722828607235"}}
{"logTime": "1003/150800", "correlationVector":"bDt+15kXzTBK5DE1tf7rCZ.82","action":"GetUpdates", "result":"DeleteReceived", "context":{"id":"ca64babc-1311-4cf7-a87c-bc7d351f7b8f", "isDeleted:":"true", "version":"1722828899020"}}
{"logTime": "1003/150800", "correlationVector":"bDt+15kXzTBK5DE1tf7rCZ.83","action":"GetUpdates", "result":"DeleteReceived", "context":{"id":"ef766421-352b-4232-bb27-573780e39bc5", "isDeleted:":"true", "version":"1722832260222"}}
{"logTime": "1003/150800", "correlationVector":"bDt+15kXzTBK5DE1tf7rCZ.84","action":"GetUpdates", "result":"DeleteReceived", "context":{"id":"3e573098-8066-4294-8703-3017dee9c42d", "isDeleted:":"true", "version":"1722832323066"}}
{"logTime": "1003/150800", "correlationVector":"bDt+15kXzTBK5DE1tf7rCZ.85","action":"GetUpdates", "result":"DeleteReceived", "context":{"id":"240348e2-ab73-45ef-80b8-79385985a0f4", "isDeleted:":"true", "version":"1722832323067"}}
{"logTime": "1003/150800", "correlationVector":"bDt+15kXzTBK5DE1tf7rCZ.86","action":"GetUpdates", "result":"DeleteReceived", "context":{"id":"263b585f-63a0-4265-b156-7971133b4c98", "isDeleted:":"true", "version":"1722832323069"}}
{"logTime": "1003/150800", "correlationVector":"bDt+15kXzTBK5DE1tf7rCZ.87","action":"GetUpdates", "result":"DeleteReceived", "context":{"id":"58a15867-68fa-41ce-bf16-b396dde30d6e", "isDeleted:":"true", "version":"1722839612276"}}
{"logTime": "1003/150800", "correlationVector":"bDt+15kXzTBK5DE1tf7rCZ.88","action":"GetUpdates", "result":"DeleteReceived", "context":{"id":"b23bd076-5a2b-4717-96c6-9690b4a07937", "isDeleted:":"true", "version":"1722881986827"}}
{"logTime": "1003/150800", "correlationVector":"bDt+15kXzTBK5DE1tf7rCZ.89","action":"GetUpdates", "result":"DeleteReceived", "context":{"id":"89aa8526-8b9b-40da-bf0b-4769236de30b", "isDeleted:":"true", "version":"1722881986828"}}
{"logTime": "1003/150800", "correlationVector":"bDt+15kXzTBK5DE1tf7rCZ.90","action":"GetUpdates", "result":"DeleteReceived", "context":{"id":"727f63b3-a373-4834-8f38-758baaee90c0", "isDeleted:":"true", "version":"1722928091121"}}
{"logTime": "1003/150800", "correlationVector":"bDt+15kXzTBK5DE1tf7rCZ.91","action":"GetUpdates", "result":"DeleteReceived", "context":{"id":"801f2737-3d6b-4247-9c3e-fd42f3d5a091", "isDeleted:":"true", "version":"1722928678376"}}
{"logTime": "1003/150800", "correlationVector":"bDt+15kXzTBK5DE1tf7rCZ.92","action":"GetUpdates", "result":"DeleteReceived", "context":{"id":"7ff8ae9c-ffdc-44c0-892f-80e2320eaf60", "isDeleted:":"true", "version":"1722928678377"}}
{"logTime": "1003/150800", "correlationVector":"bDt+15kXzTBK5DE1tf7rCZ.93","action":"GetUpdates", "result":"DeleteReceived", "context":{"id":"d77d5f3e-5d00-4680-9d60-baf252a4b17c", "isDeleted:":"true", "version":"1722929023557"}}
{"logTime": "1003/150800", "correlationVector":"bDt+15kXzTBK5DE1tf7rCZ.94","action":"GetUpdates", "result":"DeleteReceived", "context":{"id":"10f67710-5f17-42a6-ac1a-6c7036260260", "isDeleted:":"true", "version":"1722929578734"}}
{"logTime": "1003/150800", "correlationVector":"bDt+15kXzTBK5DE1tf7rCZ.95","action":"GetUpdates", "result":"DeleteReceived", "context":{"id":"b8cf1a1b-e276-46eb-a4b3-2bb7899bb148", "isDeleted:":"true", "version":"1723018775485"}}
{"logTime": "1003/150800", "correlationVector":"bDt+15kXzTBK5DE1tf7rCZ.96","action":"GetUpdates", "result":"DeleteReceived", "context":{"id":"94a1753b-43e9-41c7-bece-c6d8a3eb87f4", "isDeleted:":"true", "version":"1723018775486"}}
{"logTime": "1003/150800", "correlationVector":"bDt+15kXzTBK5DE1tf7rCZ.97","action":"GetUpdates", "result":"DeleteReceived", "context":{"id":"73cff943-e24f-4d0f-912b-a89dc10f9fe3", "isDeleted:":"true", "version":"1723018775487"}}
{"logTime": "1003/150800", "correlationVector":"bDt+15kXzTBK5DE1tf7rCZ.98","action":"GetUpdates", "result":"DeleteReceived", "context":{"id":"30b0f5b1-923f-4c6b-83a5-14e8101c4c3c", "isDeleted:":"true", "version":"1723018775488"}}
{"logTime": "1003/150800", "correlationVector":"bDt+15kXzTBK5DE1tf7rCZ.99","action":"GetUpdates", "result":"DeleteReceived", "context":{"id":"80f39c84-3753-4039-80e4-1a6013e0a713", "isDeleted:":"true", "version":"1723018775490"}}
{"logTime": "1003/150800", "correlationVector":"bDt+15kXzTBK5DE1tf7rCZ.100","action":"GetUpdates", "result":"DeleteReceived", "context":{"id":"0500d648-04c8-45e2-898d-11728e40aadd", "isDeleted:":"true", "version":"1723018775491"}}
{"logTime": "1003/150800", "correlationVector":"bDt+15kXzTBK5DE1tf7rCZ.101","action":"GetUpdates", "result":"DeleteReceived", "context":{"id":"8596668e-7e57-43ad-a358-d9601e471027", "isDeleted:":"true", "version":"1723018775492"}}
{"logTime": "1003/150800", "correlationVector":"bDt+15kXzTBK5DE1tf7rCZ.102","action":"GetUpdates", "result":"DeleteReceived", "context":{"id":"02cb1467-60ed-4878-985a-a130d2c730bd", "isDeleted:":"true", "version":"1723018775493"}}
{"logTime": "1003/150800", "correlationVector":"bDt+15kXzTBK5DE1tf7rCZ.103","action":"GetUpdates", "result":"DeleteReceived", "context":{"id":"caab7dce-ca56-46a8-a262-9092cbcbc620", "isDeleted:":"true", "version":"1723018775494"}}
{"logTime": "1003/150800", "correlationVector":"bDt+15kXzTBK5DE1tf7rCZ.104","action":"GetUpdates", "result":"DeleteReceived", "context":{"id":"90b3f82b-6744-43cc-b5da-ea90c02b8a40", "isDeleted:":"true", "version":"1723031951067"}}
{"logTime": "1003/150800", "correlationVector":"bDt+15kXzTBK5DE1tf7rCZ.105","action":"GetUpdates", "result":"DeleteReceived", "context":{"id":"652841c2-7515-4ff0-aed3-d5d2bb8abf8f", "isDeleted:":"true", "version":"1723649879456"}}
{"logTime": "1003/150800", "correlationVector":"bDt+15kXzTBK5DE1tf7rCZ.106","action":"GetUpdates", "result":"DeleteReceived", "context":{"id":"a85d1c92-9e9b-4861-ab47-879989d8e9bf", "isDeleted:":"true", "version":"1723649879457"}}
{"logTime": "1003/150800", "correlationVector":"bDt+15kXzTBK5DE1tf7rCZ.107","action":"GetUpdates", "result":"DeleteReceived", "context":{"id":"3a5c10a4-8ff3-40c2-9fe8-fce4b0feeffc", "isDeleted:":"true", "version":"1723649879458"}}
{"logTime": "1003/150800", "correlationVector":"bDt+15kXzTBK5DE1tf7rCZ.108","action":"GetUpdates", "result":"DeleteReceived", "context":{"id":"f050e013-2635-4ca3-9356-152f8c37dfde", "isDeleted:":"true", "version":"1723649879459"}}
{"logTime": "1003/150800", "correlationVector":"bDt+15kXzTBK5DE1tf7rCZ.109","action":"GetUpdates", "result":"DeleteReceived", "context":{"id":"1f2d9230-e282-4e94-bfd7-f03580e1ed21", "isDeleted:":"true", "version":"1723649879461"}}
{"logTime": "1003/150800", "correlationVector":"bDt+15kXzTBK5DE1tf7rCZ.110","action":"GetUpdates", "result":"DeleteReceived", "context":{"id":"4698cd45-d274-4147-b499-65c38b0c5843", "isDeleted:":"true", "version":"1723649879462"}}
{"logTime": "1003/150800", "correlationVector":"bDt+15kXzTBK5DE1tf7rCZ.111","action":"GetUpdates", "result":"DeleteReceived", "context":{"id":"80eac304-9f20-4cb8-a124-ea19a705fa4b", "isDeleted:":"true", "version":"1723649879463"}}
{"logTime": "1003/150800", "correlationVector":"bDt+15kXzTBK5DE1tf7rCZ.112","action":"GetUpdates", "result":"DeleteReceived", "context":{"id":"d1a3439b-746b-42a7-aa28-aa816fab5426", "isDeleted:":"true", "version":"1723649879464"}}
{"logTime": "1003/150800", "correlationVector":"bDt+15kXzTBK5DE1tf7rCZ.113","action":"GetUpdates", "result":"DeleteReceived", "context":{"id":"653eb8d8-a943-4c0f-b7fa-3c41a3d3e152", "isDeleted:":"true", "version":"1723649879465"}}
{"logTime": "1003/150800", "correlationVector":"bDt+15kXzTBK5DE1tf7rCZ.114","action":"GetUpdates", "result":"DeleteReceived", "context":{"id":"107f3d5e-1a6f-4377-9df9-4c2cfb2376d2", "isDeleted:":"true", "version":"1723667666286"}}
{"logTime": "1003/150800", "correlationVector":"bDt+15kXzTBK5DE1tf7rCZ.115","action":"GetUpdates", "result":"DeleteReceived", "context":{"id":"1b7aaf57-08c7-4bf5-a3a0-bd510f7f8ed0", "isDeleted:":"true", "version":"1723668706797"}}
{"logTime": "1003/150800", "correlationVector":"bDt+15kXzTBK5DE1tf7rCZ.116","action":"GetUpdates", "result":"DeleteReceived", "context":{"id":"93d72107-cc93-446d-943e-40b0bac1d5cb", "isDeleted:":"true", "version":"1723744820607"}}
{"logTime": "1003/150800", "correlationVector":"bDt+15kXzTBK5DE1tf7rCZ.117","action":"GetUpdates", "result":"DeleteReceived", "context":{"id":"4d28c174-d95a-4271-927f-cf79f8b4c848", "isDeleted:":"true", "version":"1723919241147"}}
{"logTime": "1003/150800", "correlationVector":"bDt+15kXzTBK5DE1tf7rCZ.118","action":"GetUpdates", "result":"DeleteReceived", "context":{"id":"846a19b4-0585-4c14-99e5-d191be02b854", "isDeleted:":"true", "version":"1723919241149"}}
{"logTime": "1003/150800", "correlationVector":"bDt+15kXzTBK5DE1tf7rCZ.119","action":"GetUpdates", "result":"DeleteReceived", "context":{"id":"a7250868-d76d-4e79-9b46-59e330cf5fba", "isDeleted:":"true", "version":"1723984940210"}}
{"logTime": "1003/150800", "correlationVector":"bDt+15kXzTBK5DE1tf7rCZ.120","action":"GetUpdates", "result":"DeleteReceived", "context":{"id":"02695125-0db7-464f-aff7-080797405162", "isDeleted:":"true", "version":"1723984940211"}}
{"logTime": "1003/150800", "correlationVector":"bDt+15kXzTBK5DE1tf7rCZ.121","action":"GetUpdates", "result":"DeleteReceived", "context":{"id":"4023e93b-d5dd-4339-9feb-426f7a234f12", "isDeleted:":"true", "version":"1724109575585"}}
{"logTime": "1003/150800", "correlationVector":"bDt+15kXzTBK5DE1tf7rCZ.122","action":"GetUpdates", "result":"DeleteReceived", "context":{"id":"2f7d4428-43b3-46fe-a37d-bdbe99fc6e75", "isDeleted:":"true", "version":"1724131581158"}}
{"logTime": "1003/150800", "correlationVector":"bDt+15kXzTBK5DE1tf7rCZ.123","action":"GetUpdates", "result":"DeleteReceived", "context":{"id":"551ff087-fbec-4673-91c3-7ecfc31396d8", "isDeleted:":"true", "version":"1724131581159"}}
{"logTime": "1003/150800", "correlationVector":"bDt+15kXzTBK5DE1tf7rCZ.124","action":"GetUpdates", "result":"DeleteReceived", "context":{"id":"637f22ad-3cb6-4998-b8e2-11c3518ffdc9", "isDeleted:":"true", "version":"1724144797373"}}
{"logTime": "1003/150800", "correlationVector":"bDt+15kXzTBK5DE1tf7rCZ.125","action":"GetUpdates", "result":"DeleteReceived", "context":{"id":"57b041d0-6c48-4187-9622-907bd4051ac7", "isDeleted:":"true", "version":"1724144797375"}}
{"logTime": "1003/150800", "correlationVector":"bDt+15kXzTBK5DE1tf7rCZ.126","action":"GetUpdates", "result":"DeleteReceived", "context":{"id":"3778d6db-2a09-4a9a-a7cd-6c3334425db0", "isDeleted:":"true", "version":"1724144797376"}}
{"logTime": "1003/150800", "correlationVector":"bDt+15kXzTBK5DE1tf7rCZ.127","action":"GetUpdates", "result":"DeleteReceived", "context":{"id":"1376d5e7-90ea-4a73-8fe9-7525e0a1f35c", "isDeleted:":"true", "version":"1724144797378"}}
{"logTime": "1003/150800", "correlationVector":"bDt+15kXzTBK5DE1tf7rCZ.128","action":"GetUpdates", "result":"DeleteReceived", "context":{"id":"fc3f3d72-c31a-4d6f-a106-68a6e5880caa", "isDeleted:":"true", "version":"1724144797379"}}
{"logTime": "1003/150800", "correlationVector":"bDt+15kXzTBK5DE1tf7rCZ.129","action":"GetUpdates", "result":"DeleteReceived", "context":{"id":"685d1701-4248-44cd-aee4-8578dd352e78", "isDeleted:":"true", "version":"1724144797380"}}
{"logTime": "1003/150800", "correlationVector":"bDt+15kXzTBK5DE1tf7rCZ.130","action":"GetUpdates", "result":"DeleteReceived", "context":{"id":"a483d2c0-5526-457b-b57c-22db7715ce75", "isDeleted:":"true", "version":"1724144797381"}}
{"logTime": "1003/150800", "correlationVector":"bDt+15kXzTBK5DE1tf7rCZ.131","action":"GetUpdates", "result":"DeleteReceived", "context":{"id":"30b4458d-f4ab-4f31-85ad-45cd89e891bc", "isDeleted:":"true", "version":"1724144797382"}}
{"logTime": "1003/150800", "correlationVector":"bDt+15kXzTBK5DE1tf7rCZ.132","action":"GetUpdates", "result":"DeleteReceived", "context":{"id":"d4cf1420-77d1-465b-aadb-493c5f8224a3", "isDeleted:":"true", "version":"1724144797383"}}
{"logTime": "1003/150800", "correlationVector":"bDt+15kXzTBK5DE1tf7rCZ.133","action":"GetUpdates", "result":"DeleteReceived", "context":{"id":"aaa02a79-a214-44f7-a589-483763d813ec", "isDeleted:":"true", "version":"1724327801459"}}
{"logTime": "1003/150800", "correlationVector":"bDt+15kXzTBK5DE1tf7rCZ.134","action":"GetUpdates", "result":"DeleteReceived", "context":{"id":"cf24fd04-a8a9-40e4-868c-1742a5361d1e", "isDeleted:":"true", "version":"1724328842986"}}
{"logTime": "1003/150800", "correlationVector":"bDt+15kXzTBK5DE1tf7rCZ.135","action":"GetUpdates", "result":"DeleteReceived", "context":{"id":"64f1a88d-48ae-4e4c-96fe-fe3faf4433ab", "isDeleted:":"true", "version":"1724328842987"}}
{"logTime": "1003/150800", "correlationVector":"bDt+15kXzTBK5DE1tf7rCZ.136","action":"GetUpdates", "result":"DeleteReceived", "context":{"id":"1fe280db-7161-4784-a6b3-d7f1733289ad", "isDeleted:":"true", "version":"1724328842990"}}
{"logTime": "1003/150800", "correlationVector":"bDt+15kXzTBK5DE1tf7rCZ.137","action":"GetUpdates", "result":"DeleteReceived", "context":{"id":"b8667cc3-c819-4125-9433-c5a5215a090c", "isDeleted:":"true", "version":"1724328868933"}}
{"logTime": "1003/150800", "correlationVector":"bDt+15kXzTBK5DE1tf7rCZ.138","action":"GetUpdates", "result":"DeleteReceived", "context":{"id":"8ad842bd-121e-44dc-89cb-418fe5afc472", "isDeleted:":"true", "version":"1724328868934"}}
{"logTime": "1003/150800", "correlationVector":"bDt+15kXzTBK5DE1tf7rCZ.139","action":"GetUpdates", "result":"DeleteReceived", "context":{"id":"c1cfcc3e-223c-41d5-bfb2-7fedb15132c3", "isDeleted:":"true", "version":"1724329132080"}}
{"logTime": "1003/150800", "correlationVector":"bDt+15kXzTBK5DE1tf7rCZ.140","action":"GetUpdates", "result":"DeleteReceived", "context":{"id":"e38f2d6b-0e4d-46fa-b191-b60667a2c24c", "isDeleted:":"true", "version":"1724329132081"}}
{"logTime": "1003/150800", "correlationVector":"bDt+15kXzTBK5DE1tf7rCZ.141","action":"GetUpdates", "result":"DeleteReceived", "context":{"id":"d77d1d4a-c7ee-4b5a-93e3-68d7d78e73e1", "isDeleted:":"true", "version":"1724329932935"}}
{"logTime": "1003/150800", "correlationVector":"bDt+15kXzTBK5DE1tf7rCZ.142","action":"GetUpdates", "result":"DeleteReceived", "context":{"id":"77fc9dc4-d2b7-49d7-871a-38783dc4739b", "isDeleted:":"true", "version":"1724330216587"}}
{"logTime": "1003/150800", "correlationVector":"bDt+15kXzTBK5DE1tf7rCZ.143","action":"GetUpdates", "result":"DeleteReceived", "context":{"id":"4e99edc9-1bd0-4ff7-b595-40d4d8081e2b", "isDeleted:":"true", "version":"1724330216588"}}
{"logTime": "1003/150800", "correlationVector":"bDt+15kXzTBK5DE1tf7rCZ.144","action":"GetUpdates", "result":"DeleteReceived", "context":{"id":"11ce5da9-5392-4520-bdf2-ea1242cec23e", "isDeleted:":"true", "version":"1724330216590"}}
{"logTime": "1003/150800", "correlationVector":"bDt+15kXzTBK5DE1tf7rCZ.145","action":"GetUpdates", "result":"DeleteReceived", "context":{"id":"6dec1796-5610-4dad-99a5-b7badb9e8e6b", "isDeleted:":"true", "version":"1724330216591"}}
{"logTime": "1003/150800", "correlationVector":"bDt+15kXzTBK5DE1tf7rCZ.146","action":"GetUpdates", "result":"DeleteReceived", "context":{"id":"9261be80-f892-476e-952a-4c9328ac1876", "isDeleted:":"true", "version":"1724341756761"}}
{"logTime": "1003/150800", "correlationVector":"bDt+15kXzTBK5DE1tf7rCZ.147","action":"GetUpdates", "result":"DeleteReceived", "context":{"id":"2974d438-75c1-41df-9ab7-f7f45a242112", "isDeleted:":"true", "version":"1724341756762"}}
{"logTime": "1003/150800", "correlationVector":"bDt+15kXzTBK5DE1tf7rCZ.148","action":"GetUpdates", "result":"DeleteReceived", "context":{"id":"022115e4-b3d7-43a7-bc72-df43a476d0b2", "isDeleted:":"true", "version":"1724341756763"}}
{"logTime": "1003/150800", "correlationVector":"bDt+15kXzTBK5DE1tf7rCZ.149","action":"GetUpdates", "result":"DeleteReceived", "context":{"id":"a548fc63-546f-4da8-91fa-cb398a81a7ca", "isDeleted:":"true", "version":"1724341756765"}}
{"logTime": "1003/150800", "correlationVector":"bDt+15kXzTBK5DE1tf7rCZ.150","action":"GetUpdates", "result":"DeleteReceived", "context":{"id":"398285b6-5d62-4008-a21a-459cdb8ec54f", "isDeleted:":"true", "version":"1724341756766"}}
{"logTime": "1003/150800", "correlationVector":"bDt+15kXzTBK5DE1tf7rCZ.151","action":"GetUpdates", "result":"DeleteReceived", "context":{"id":"58eaea7f-b182-4dcf-80b0-6ebf57271051", "isDeleted:":"true", "version":"1724341756767"}}
{"logTime": "1003/150800", "correlationVector":"bDt+15kXzTBK5DE1tf7rCZ.152","action":"GetUpdates", "result":"DeleteReceived", "context":{"id":"e56e6840-1437-44e6-a752-9fcb9ec84d71", "isDeleted:":"true", "version":"1724341756768"}}
{"logTime": "1003/150800", "correlationVector":"bDt+15kXzTBK5DE1tf7rCZ.153","action":"GetUpdates Response", "result":"Success", "context":Received 250 update(s). cV=bDt+15kXzTBK5DE1tf7rCZ.0;server=GENERAL0200001L;cloudType=Consumer;environment=Prod_WestEurope_x00e;migrationStage=NotStarted Some updates remain.}
{"logTime": "1003/150800", "correlationVector":"Kf0rIx9XT04ALdHAYjf33a","action":"Initial GetUpdates", "result":"", "context":Reason: NEWLY_SUPPORTED_DATATYPE. cV=Kf0rIx9XT04ALdHAYjf33a}
{"logTime": "1003/150801", "correlationVector":"Kf0rIx9XT04ALdHAYjf33a.1","action":"SyncServerConnectionManagerRequest", "result":"SYNC_SERVER_OK", "context":{"environment":"Prod_WestEurope_x00e", "migrationStage":"NotStarted", "server":"GENERAL01000025"}}
{"logTime": "1003/150801", "correlationVector":"Kf0rIx9XT04ALdHAYjf33a.2","action":"GetUpdates", "result":"DeleteReceived", "context":{"id":"8d50b87e-f07f-44bb-a88d-46ad71405303", "isDeleted:":"true", "version":"1724342386393"}}
{"logTime": "1003/150801", "correlationVector":"Kf0rIx9XT04ALdHAYjf33a.3","action":"GetUpdates", "result":"DeleteReceived", "context":{"id":"a86b3a91-bc46-48b5-ac09-fd6adf73f7a4", "isDeleted:":"true", "version":"1724342871338"}}
{"logTime": "1003/150801", "correlationVector":"Kf0rIx9XT04ALdHAYjf33a.4","action":"GetUpdates", "result":"DeleteReceived", "context":{"id":"efa2627a-7d90-4592-a2de-d5454c72702b", "isDeleted:":"true", "version":"1724509495431"}}
{"logTime": "1003/150801", "correlationVector":"Kf0rIx9XT04ALdHAYjf33a.5","action":"GetUpdates", "result":"DeleteReceived", "context":{"id":"f0897597-3d7a-478b-890a-67549ceecb11", "isDeleted:":"true", "version":"1724509495433"}}
{"logTime": "1003/150801", "correlationVector":"Kf0rIx9XT04ALdHAYjf33a.6","action":"GetUpdates", "result":"DeleteReceived", "context":{"id":"04833fb3-e1ad-4afa-9b91-eb26a80872d2", "isDeleted:":"true", "version":"1724509495435"}}
{"logTime": "1003/150801", "correlationVector":"Kf0rIx9XT04ALdHAYjf33a.7","action":"GetUpdates", "result":"DeleteReceived", "context":{"id":"d9af2db3-8ee9-4c48-8c6b-15f8263cbcd2", "isDeleted:":"true", "version":"1724509495436"}}
{"logTime": "1003/150801", "correlationVector":"Kf0rIx9XT04ALdHAYjf33a.8","action":"GetUpdates", "result":"DeleteReceived", "context":{"id":"2f44f90e-179b-4f63-830e-91b1bbdfe1f9", "isDeleted:":"true", "version":"1724704232031"}}
{"logTime": "1003/150801", "correlationVector":"Kf0rIx9XT04ALdHAYjf33a.9","action":"GetUpdates", "result":"DeleteReceived", "context":{"id":"c8b28a69-aff4-4167-a948-a813e8748681", "isDeleted:":"true", "version":"1724704232032"}}
{"logTime": "1003/150801", "correlationVector":"Kf0rIx9XT04ALdHAYjf33a.10","action":"GetUpdates", "result":"DeleteReceived", "context":{"id":"36a60b8d-c3a2-429e-a43a-7c2166823d63", "isDeleted:":"true", "version":"1724704232034"}}
{"logTime": "1003/150801", "correlationVector":"Kf0rIx9XT04ALdHAYjf33a.11","action":"GetUpdates", "result":"DeleteReceived", "context":{"id":"2e80189a-a93b-43f5-8afb-040cd463c3ef", "isDeleted:":"true", "version":"1724704232035"}}
{"logTime": "1003/150801", "correlationVector":"Kf0rIx9XT04ALdHAYjf33a.12","action":"GetUpdates", "result":"DeleteReceived", "context":{"id":"5bea0895-7cae-44e8-94c8-99ee0b64a679", "isDeleted:":"true", "version":"1725531467642"}}
{"logTime": "1003/150801", "correlationVector":"Kf0rIx9XT04ALdHAYjf33a.13","action":"GetUpdates", "result":"DeleteReceived", "context":{"id":"d41acd00-19de-4d55-a027-9b602a664999", "isDeleted:":"true", "version":"1725531467643"}}
{"logTime": "1003/150801", "correlationVector":"Kf0rIx9XT04ALdHAYjf33a.14","action":"GetUpdates", "result":"DeleteReceived", "context":{"id":"e46d7bcb-b3e9-4617-8109-be9023930019", "isDeleted:":"true", "version":"1725905223869"}}
{"logTime": "1003/150801", "correlationVector":"Kf0rIx9XT04ALdHAYjf33a.15","action":"GetUpdates", "result":"DeleteReceived", "context":{"id":"edd3c29e-f159-453c-89ae-60036a092d66", "isDeleted:":"true", "version":"1726485418660"}}
{"logTime": "1003/150801", "correlationVector":"Kf0rIx9XT04ALdHAYjf33a.16","action":"GetUpdates", "result":"DeleteReceived", "context":{"id":"eafa49c5-3116-4cb8-9060-4e8822814793", "isDeleted:":"true", "version":"1726485418661"}}
{"logTime": "1003/150801", "correlationVector":"Kf0rIx9XT04ALdHAYjf33a.17","action":"GetUpdates", "result":"DeleteReceived", "context":{"id":"77391921-1de1-4520-9d21-0755f443fd22", "isDeleted:":"true", "version":"1726485418662"}}
{"logTime": "1003/150801", "correlationVector":"Kf0rIx9XT04ALdHAYjf33a.18","action":"GetUpdates", "result":"DeleteReceived", "context":{"id":"4a7d8d81-476d-4f5d-96e1-8934dc8c7b50", "isDeleted:":"true", "version":"1726485418664"}}
{"logTime": "1003/150801", "correlationVector":"Kf0rIx9XT04ALdHAYjf33a.19","action":"GetUpdates", "result":"DeleteReceived", "context":{"id":"497726f2-96d9-4bd8-b3e5-6dc7be0c7c0a", "isDeleted:":"true", "version":"1726485418665"}}
{"logTime": "1003/150801", "correlationVector":"Kf0rIx9XT04ALdHAYjf33a.20","action":"GetUpdates", "result":"DeleteReceived", "context":{"id":"4a84dcab-2e68-4b52-bd55-2e154839cf80", "isDeleted:":"true", "version":"1726485418666"}}
{"logTime": "1003/150801", "correlationVector":"Kf0rIx9XT04ALdHAYjf33a.21","action":"GetUpdates", "result":"DeleteReceived", "context":{"id":"16249d8e-b4dc-4e90-96d6-2e9e6fbc866b", "isDeleted:":"true", "version":"1726485418667"}}
{"logTime": "1003/150801", "correlationVector":"Kf0rIx9XT04ALdHAYjf33a.22","action":"GetUpdates", "result":"DeleteReceived", "context":{"id":"960d5719-061f-4776-af18-cb8d28af88ae", "isDeleted:":"true", "version":"1726771585553"}}
{"logTime": "1003/150801", "correlationVector":"Kf0rIx9XT04ALdHAYjf33a.23","action":"GetUpdates", "result":"DeleteReceived", "context":{"id":"6eb21559-5d3b-46d0-8746-b9757cac6195", "isDeleted:":"true", "version":"1726771585554"}}
{"logTime": "1003/150801", "correlationVector":"Kf0rIx9XT04ALdHAYjf33a.24","action":"GetUpdates", "result":"DeleteReceived", "context":{"id":"b13371e6-18ed-44e2-83bd-0d47b63b1d21", "isDeleted:":"true", "version":"1727017545920"}}
{"logTime": "1003/150801", "correlationVector":"Kf0rIx9XT04ALdHAYjf33a.25","action":"GetUpdates", "result":"DeleteReceived", "context":{"id":"73a0ec67-4f3f-4a9c-ba04-0d03cdf43711", "isDeleted:":"true", "version":"1727018592957"}}
{"logTime": "1003/150801", "correlationVector":"Kf0rIx9XT04ALdHAYjf33a.26","action":"GetUpdates", "result":"DeleteReceived", "context":{"id":"4efef2b6-6e34-441a-b608-0072dec7363a", "isDeleted:":"true", "version":"1727018781097"}}
{"logTime": "1003/150801", "correlationVector":"Kf0rIx9XT04ALdHAYjf33a.27","action":"GetUpdates", "result":"DeleteReceived", "context":{"id":"1712d8f2-9602-4edd-93a9-f46b6ded81da", "isDeleted:":"true", "version":"1727036244125"}}
{"logTime": "1003/150801", "correlationVector":"Kf0rIx9XT04ALdHAYjf33a.28","action":"GetUpdates", "result":"DeleteReceived", "context":{"id":"ee6b8131-066c-4264-b791-ec9d23a9f095", "isDeleted:":"true", "version":"1727036244127"}}
{"logTime": "1003/150801", "correlationVector":"Kf0rIx9XT04ALdHAYjf33a.29","action":"GetUpdates", "result":"DeleteReceived", "context":{"id":"3f8bb81b-d6b2-49ea-80c7-bbdd9c167355", "isDeleted:":"true", "version":"1727114578217"}}
{"logTime": "1003/150801", "correlationVector":"Kf0rIx9XT04ALdHAYjf33a.30","action":"GetUpdates", "result":"DeleteReceived", "context":{"id":"da0574fb-9b2d-4391-b762-2f0457da5e7e", "isDeleted:":"true", "version":"1727565262975"}}
{"logTime": "1003/150801", "correlationVector":"Kf0rIx9XT04ALdHAYjf33a.31","action":"GetUpdates", "result":"DeleteReceived", "context":{"id":"ce2018cf-8263-461c-9753-64e12a5ef23c", "isDeleted:":"true", "version":"1727967306047"}}
{"logTime": "1003/150801", "correlationVector":"Kf0rIx9XT04ALdHAYjf33a.32","action":"GetUpdates Response", "result":"Success", "context":Received 49 update(s). cV=Kf0rIx9XT04ALdHAYjf33a.0;server=GENERAL01000025;cloudType=Consumer;environment=Prod_WestEurope_x00e;migrationStage=NotStarted}
{"logTime": "1003/150801", "correlationVector":"oFUwp+c4Cecw/DWovuw7kw","action":"Normal GetUpdate request", "result":"", "context":cV=oFUwp+c4Cecw/DWovuw7kw
Nudged types: Sessions, Device Info, User Consents
Refresh requested types: Bookmarks, Preferences, Passwords, Autofill Profiles, Autofill, Typed URLs, Extensions, Sessions, Extension settings, History Delete Directives, Device Info, User Consents, Send Tab To Self, Web Apps, Collection, Edge E Drop, Edge Hub App Usage, Edge Tab Group, Edge Wallet, Encryption Keys}
{"logTime": "1003/150801", "correlationVector":"oFUwp+c4Cecw/DWovuw7kw.1","action":"SyncServerConnectionManagerRequest", "result":"SYNC_SERVER_OK", "context":{"environment":"Prod_WestEurope_000l", "migrationStage":"NotStarted", "server":"GENERAL0100001M"}}
{"logTime": "1003/150801", "correlationVector":"oFUwp+c4Cecw/DWovuw7kw.2","action":"GetUpdates Response", "result":"Success", "context":Received 0 update(s). cV=oFUwp+c4Cecw/DWovuw7kw.0;server=GENERAL0100001M;cloudType=Consumer;environment=Prod_WestEurope_000l;migrationStage=NotStarted}
{"logTime": "1003/150801", "correlationVector":"wlelFoRo90tcG51cDTEEgB","action":"Commit Request", "result":"", "context":Item count: 5
Contributing types: Typed URLs, Sessions, Device Info, User Consents}
{"logTime": "1003/150802", "correlationVector":"wlelFoRo90tcG51cDTEEgB.1","action":"SyncServerConnectionManagerRequest", "result":"SYNC_SERVER_OK", "context":{"environment":"Prod_WestEurope_000l", "migrationStage":"NotStarted", "server":"GENERAL0100000S"}}
{"logTime": "1003/150802", "correlationVector":"wlelFoRo90tcG51cDTEEgB.2","action":"Commit Response", "result":"Success", "context":Result: Success. cV=wlelFoRo90tcG51cDTEEgB.0;server=GENERAL0100000S;cloudType=Consumer;environment=Prod_WestEurope_000l;migrationStage=NotStarted}
{"logTime": "1003/150802", "correlationVector":"BQt1bnD0UhKjW2RHSaCdI7","action":"Normal GetUpdate request", "result":"", "context":cV=BQt1bnD0UhKjW2RHSaCdI7
Nudged types: Typed URLs, Sessions, Device Info}
{"logTime": "1003/150803", "correlationVector":"BQt1bnD0UhKjW2RHSaCdI7.1","action":"SyncServerConnectionManagerRequest", "result":"SYNC_SERVER_OK", "context":{"environment":"Prod_WestEurope_x00e", "migrationStage":"NotStarted", "server":"GENERAL0200000L"}}
{"logTime": "1003/150803", "correlationVector":"BQt1bnD0UhKjW2RHSaCdI7.2","action":"GetUpdates Response", "result":"Success", "context":Received 4 update(s). cV=BQt1bnD0UhKjW2RHSaCdI7.0;server=GENERAL0200000L;cloudType=Consumer;environment=Prod_WestEurope_x00e;migrationStage=NotStarted}
{"logTime": "1003/150803", "correlationVector":"4wWDaDhX1vMVGDL/NPKMyZ","action":"DoCompareDataConsistency: ", "result":"has local changes and skip compare"}
{"logTime": "1003/150803", "correlationVector":"IVh9zjFjNFBc/5aoAQw7Ng","action":"Commit Request", "result":"", "context":Item count: 2
Contributing types: Preferences}
{"logTime": "1003/150803", "correlationVector":"IVh9zjFjNFBc/5aoAQw7Ng.1","action":"SyncServerConnectionManagerRequest", "result":"SYNC_SERVER_OK", "context":{"environment":"Prod_WestEurope_x00e", "migrationStage":"NotStarted", "server":"GENERAL0100000E"}}
{"logTime": "1003/150803", "correlationVector":"IVh9zjFjNFBc/5aoAQw7Ng.2","action":"Commit Response", "result":"Success", "context":Result: Success. cV=IVh9zjFjNFBc/5aoAQw7Ng.0;server=GENERAL0100000E;cloudType=Consumer;environment=Prod_WestEurope_x00e;migrationStage=NotStarted}
{"logTime": "1003/150805", "correlationVector":"0DcFEind8MfhPeeO31eDoe","action":"Normal GetUpdate request", "result":"", "context":cV=0DcFEind8MfhPeeO31eDoe
Nudged types: Preferences}
{"logTime": "1003/150805", "correlationVector":"0DcFEind8MfhPeeO31eDoe.1","action":"SyncServerConnectionManagerRequest", "result":"SYNC_SERVER_OK", "context":{"environment":"Prod_WestEurope_000l", "migrationStage":"NotStarted", "server":"GENERAL0100000V"}}
{"logTime": "1003/150805", "correlationVector":"0DcFEind8MfhPeeO31eDoe.2","action":"GetUpdates Response", "result":"Success", "context":Received 2 update(s). cV=0DcFEind8MfhPeeO31eDoe.0;server=GENERAL0100000V;cloudType=Consumer;environment=Prod_WestEurope_000l;migrationStage=NotStarted}
{"logTime": "1003/150931", "correlationVector":"gUgTzQ90af7ozjS4A8MQYF","action":"Commit Request", "result":"", "context":Item count: 40
Contributing types: Passwords}
{"logTime": "1003/150933", "correlationVector":"gUgTzQ90af7ozjS4A8MQYF.1","action":"SyncServerConnectionManagerRequest", "result":"SYNC_SERVER_OK", "context":{"environment":"Prod_WestEurope_000l", "migrationStage":"NotStarted", "server":"GENERAL01000010"}}
{"logTime": "1003/150933", "correlationVector":"gUgTzQ90af7ozjS4A8MQYF.2","action":"Commit Response", "result":"Success", "context":Result: Success. cV=gUgTzQ90af7ozjS4A8MQYF.0;server=GENERAL01000010;cloudType=Consumer;environment=Prod_WestEurope_000l;migrationStage=NotStarted}
{"logTime": "1003/150933", "correlationVector":"YhNJ6+XtSU89vB91xI1sjo","action":"Commit Request", "result":"", "context":Item count: 40
Contributing types: Passwords}
{"logTime": "1003/150936", "correlationVector":"YhNJ6+XtSU89vB91xI1sjo.1","action":"SyncServerConnectionManagerRequest", "result":"SYNC_SERVER_OK", "context":{"environment":"Prod_WestEurope_000l", "migrationStage":"NotStarted", "server":"GENERAL01000018"}}
{"logTime": "1003/150936", "correlationVector":"YhNJ6+XtSU89vB91xI1sjo.2","action":"Commit Response", "result":"Success", "context":Result: Success. cV=YhNJ6+XtSU89vB91xI1sjo.0;server=GENERAL01000018;cloudType=Consumer;environment=Prod_WestEurope_000l;migrationStage=NotStarted}
{"logTime": "1003/150936", "correlationVector":"SSEyCAilxyxD47upzTTOtn","action":"Commit Request", "result":"", "context":Item count: 40
Contributing types: Passwords}
{"logTime": "1003/150938", "correlationVector":"SSEyCAilxyxD47upzTTOtn.1","action":"SyncServerConnectionManagerRequest", "result":"SYNC_SERVER_OK", "context":{"environment":"Prod_WestEurope_000l", "migrationStage":"NotStarted", "server":"GENERAL0100000V"}}
{"logTime": "1003/150938", "correlationVector":"SSEyCAilxyxD47upzTTOtn.2","action":"Commit Response", "result":"Success", "context":Result: Success. cV=SSEyCAilxyxD47upzTTOtn.0;server=GENERAL0100000V;cloudType=Consumer;environment=Prod_WestEurope_000l;migrationStage=NotStarted}
{"logTime": "1003/150938", "correlationVector":"HgB/SUXTR/FVfCVsXCN95u","action":"Commit Request", "result":"", "context":Item count: 8
Contributing types: Preferences, Passwords}
{"logTime": "1003/150938", "correlationVector":"HgB/SUXTR/FVfCVsXCN95u.1","action":"SyncServerConnectionManagerRequest", "result":"SYNC_SERVER_OK", "context":{"environment":"Prod_WestEurope_x00e", "migrationStage":"NotStarted", "server":"GENERAL02000037"}}
{"logTime": "1003/150938", "correlationVector":"HgB/SUXTR/FVfCVsXCN95u.2","action":"Commit Response", "result":"Success", "context":Result: Success. cV=HgB/SUXTR/FVfCVsXCN95u.0;server=GENERAL02000037;cloudType=Consumer;environment=Prod_WestEurope_x00e;migrationStage=NotStarted}
{"logTime": "1003/150943", "correlationVector":"7mgvnyTOCZvNHpyEeIRx29","action":"Commit Request", "result":"", "context":Item count: 1
Contributing types: User Consents}
{"logTime": "1003/150944", "correlationVector":"7mgvnyTOCZvNHpyEeIRx29.1","action":"SyncServerConnectionManagerRequest", "result":"SYNC_SERVER_OK", "context":{"environment":"Prod_WestEurope_x00e", "migrationStage":"NotStarted", "server":"GENERAL01000001"}}
{"logTime": "1003/150944", "correlationVector":"7mgvnyTOCZvNHpyEeIRx29.2","action":"Commit Response", "result":"Success", "context":Result: Success. cV=7mgvnyTOCZvNHpyEeIRx29.0;server=GENERAL01000001;cloudType=Consumer;environment=Prod_WestEurope_x00e;migrationStage=NotStarted}
{"logTime": "1003/151250", "correlationVector":"xe/SeJBQI650i0DvTHnLX3","action":"Normal GetUpdate request", "result":"", "context":cV=xe/SeJBQI650i0DvTHnLX3
Refresh requested types: Bookmarks, Preferences, Passwords, Autofill Profiles, Autofill, Typed URLs, Extensions, Sessions, Extension settings, History Delete Directives, Device Info, User Consents, Send Tab To Self, Web Apps, Collection, Edge E Drop, Edge Hub App Usage, Edge Tab Group, Edge Wallet, Encryption Keys}
{"logTime": "1003/151255", "correlationVector":"xe/SeJBQI650i0DvTHnLX3.1","action":"SyncServerConnectionManagerRequest", "result":"SYNC_SERVER_OK", "context":{"environment":"Prod_WestEurope_x00e", "migrationStage":"NotStarted", "server":"GENERAL02000029"}}
{"logTime": "1003/151255", "correlationVector":"xe/SeJBQI650i0DvTHnLX3.2","action":"GetUpdates Response", "result":"Success", "context":Received 128 update(s). cV=xe/SeJBQI650i0DvTHnLX3.0;server=GENERAL02000029;cloudType=Consumer;environment=Prod_WestEurope_x00e;migrationStage=NotStarted}
{"logTime": "1003/151644", "correlationVector":"p0I9f6dpOELD3I5BTqSaSS","action":"Commit Request", "result":"", "context":Item count: 1
Contributing types: Sessions}
{"logTime": "1003/151645", "correlationVector":"p0I9f6dpOELD3I5BTqSaSS.1","action":"SyncServerConnectionManagerRequest", "result":"SYNC_SERVER_OK", "context":{"environment":"Prod_WestEurope_000l", "migrationStage":"NotStarted", "server":"GENERAL01000018"}}
{"logTime": "1003/151645", "correlationVector":"p0I9f6dpOELD3I5BTqSaSS.2","action":"Commit Response", "result":"Success", "context":Result: Success. cV=p0I9f6dpOELD3I5BTqSaSS.0;server=GENERAL01000018;cloudType=Consumer;environment=Prod_WestEurope_000l;migrationStage=NotStarted}
{"logTime": "1003/151950", "correlationVector":"Oacgv1X/iTYxy726xo1Hxk","action":"Commit Request", "result":"", "context":Item count: 1
Contributing types: Sessions}
{"logTime": "1003/151951", "correlationVector":"Oacgv1X/iTYxy726xo1Hxk.1","action":"SyncServerConnectionManagerRequest", "result":"SYNC_SERVER_OK", "context":{"environment":"Prod_WestEurope_x00e", "migrationStage":"NotStarted", "server":"GENERAL0100001S"}}
{"logTime": "1003/151951", "correlationVector":"Oacgv1X/iTYxy726xo1Hxk.2","action":"Commit Response", "result":"Success", "context":Result: Success. cV=Oacgv1X/iTYxy726xo1Hxk.0;server=GENERAL0100001S;cloudType=Consumer;environment=Prod_WestEurope_x00e;migrationStage=NotStarted}
{"logTime": "1003/153149", "correlationVector":"bSEvabamq4Il0uXBn6FhPW","action":"Commit Request", "result":"", "context":Item count: 1
Contributing types: Sessions}
{"logTime": "1003/153150", "correlationVector":"bSEvabamq4Il0uXBn6FhPW.1","action":"SyncServerConnectionManagerRequest", "result":"SYNC_SERVER_OK", "context":{"environment":"Prod_WestEurope_x00e", "migrationStage":"NotStarted", "server":"GENERAL0100002J"}}
{"logTime": "1003/153150", "correlationVector":"bSEvabamq4Il0uXBn6FhPW.2","action":"Commit Response", "result":"Success", "context":Result: Success. cV=bSEvabamq4Il0uXBn6FhPW.0;server=GENERAL0100002J;cloudType=Consumer;environment=Prod_WestEurope_x00e;migrationStage=NotStarted}
{"logTime": "1003/153433", "correlationVector":"5Y5RtJQwX+Yi3mZxBEjgP8","action":"Commit Request", "result":"", "context":Item count: 2
Contributing types: Passwords, Sessions}
{"logTime": "1003/153434", "correlationVector":"5Y5RtJQwX+Yi3mZxBEjgP8.1","action":"SyncServerConnectionManagerRequest", "result":"SYNC_SERVER_OK", "context":{"environment":"Prod_WestEurope_x00e", "migrationStage":"NotStarted", "server":"GENERAL02000022"}}
{"logTime": "1003/153434", "correlationVector":"5Y5RtJQwX+Yi3mZxBEjgP8.2","action":"Commit Response", "result":"Success", "context":Result: Success. cV=5Y5RtJQwX+Yi3mZxBEjgP8.0;server=GENERAL02000022;cloudType=Consumer;environment=Prod_WestEurope_x00e;migrationStage=NotStarted}
